<?xml version="1.0" encoding="UTF-8"?>
<testsuite xmlns:xsi="http://www.w3.org/2001/XMLSchema-instance" xsi:noNamespaceSchemaLocation="https://maven.apache.org/surefire/maven-surefire-plugin/xsd/surefire-test-report-3.0.xsd" version="3.0" name="TestSuite" time="68.351" tests="2" errors="0" skipped="0" failures="2">
  <properties>
[...]
</properties>
  <testcase name="checkoutTesting" classname="BELSTAFF.checkoutpage" time="26.966">
    <failure message="no such element: Unable to locate element: {&quot;method&quot;:&quot;xpath&quot;,&quot;selector&quot;:&quot;//form[@id=&apos;dwfrm_product_addtocart_d0jexjvfjfrk&apos;]//button[@id=&apos;add-to-cart&apos;]  &quot;}&#10;  (Session info: headless chrome=77.0.3865.120)&#10;For documentation on this error, please visit: https://www.seleniumhq.org/exceptions/no_such_element.html&#10;Build info: version: &apos;3.141.59&apos;, revision: &apos;e82be7d358&apos;, time: &apos;2018-11-14T08:17:03&apos;&#10;System info: host: &apos;KRISH-SURFACE&apos;, ip: &apos;192.168.0.18&apos;, os.name: &apos;Windows 10&apos;, os.arch: &apos;amd64&apos;, os.version: &apos;10.0&apos;, java.version: &apos;1.8.0_151&apos;&#10;Driver info: org.openqa.selenium.chrome.ChromeDriver&#10;Capabilities {acceptInsecureCerts: false, browserName: chrome, browserVersion: 77.0.3865.120, chrome: {chromedriverVersion: 76.0.3809.68 (420c9498db8ce..., userDataDir: C:\Users\anjal\AppData\Loca...}, goog:chromeOptions: {debuggerAddress: localhost:50246}, javascriptEnabled: true, networkConnectionEnabled: false, pageLoadStrategy: normal, platform: XP, platformName: XP, proxy: Proxy(), setWindowRect: true, strictFileInteractability: false, timeouts: {implicit: 0, pageLoad: 300000, script: 30000}, unhandledPromptBehavior: dismiss and notify}&#10;Session ID: 1d1403e06ba71b53069a8a3b18843b92&#10;*** Element info: {Using=xpath, value=//form[@id=&apos;dwfrm_product_addtocart_d0jexjvfjfrk&apos;]//button[@id=&apos;add-to-cart&apos;]  }" type="org.openqa.selenium.NoSuchElementException">org.openqa.selenium.NoSuchElementException: 
no such element: Unable to locate element: {"method":"xpath","selector":"//form[@id='dwfrm_product_addtocart_d0jexjvfjfrk']//button[@id='add-to-cart']  "}
  (Session info: headless chrome=77.0.3865.120)
For documentation on this error, please visit: https://www.seleniumhq.org/exceptions/no_such_element.html
Build info: version: '3.141.59', revision: 'e82be7d358', time: '2018-11-14T08:17:03'
System info: host: 'KRISH-SURFACE', ip: '192.168.0.18', os.name: 'Windows 10', os.arch: 'amd64', os.version: '10.0', java.version: '1.8.0_151'
Driver info: org.openqa.selenium.chrome.ChromeDriver
Capabilities {acceptInsecureCerts: false, browserName: chrome, browserVersion: 77.0.3865.120, chrome: {chromedriverVersion: 76.0.3809.68 (420c9498db8ce..., userDataDir: C:\Users\anjal\AppData\Loca...}, goog:chromeOptions: {debuggerAddress: localhost:50246}, javascriptEnabled: true, networkConnectionEnabled: false, pageLoadStrategy: normal, platform: XP, platformName: XP, proxy: Proxy(), setWindowRect: true, strictFileInteractability: false, timeouts: {implicit: 0, pageLoad: 300000, script: 30000}, unhandledPromptBehavior: dismiss and notify}
Session ID: 1d1403e06ba71b53069a8a3b18843b92
*** Element info: {Using=xpath, value=//form[@id='dwfrm_product_addtocart_d0jexjvfjfrk']//button[@id='add-to-cart']  }
	at BELSTAFF.checkoutpage.checkoutTesting(checkoutpage.java:33)
</failure>
    <system-out><![CDATA[null
16:19:38.487 [main] INFO  BELSTAFF.checkoutpage - driver is initialized
16:19:38.487 [main] INFO  BELSTAFF.checkoutpage - driver is initialized
[_gat_globalTracker=1; expires=Mon, 21 Oct 2019 04:20:41 BST; path=/; domain=belstaff.co.uk, _hjIncludedInSample=1; path=/; domain=www.belstaff.co.uk, _gat_siteTracker=1; expires=Mon, 21 Oct 2019 04:20:41 BST; path=/; domain=belstaff.co.uk, dwac_7f9929e27d4b29fd27c4c90afd=5QXjYL4ADhMlr4EFiP07Fpz100aNp9HG62k%3D|dw-only|||GBP|false|Europe%2FLondon|true; path=/; domain=www.belstaff.co.uk, dwanonymous_c5b5603e676a0760a2f3d41427f9f8da=ce3icicaT85jOBzRbfRVow3xXX; expires=Sat, 18 Apr 2020 04:19:31 BST; path=/; domain=www.belstaff.co.uk, _cs_id=d574724b-1092-afe3-fe85-155b2cb0a41d.1571671173.1.1571671181.1571671173.1.1605835173537; expires=Fri, 20 Nov 2020 01:19:33 GMT; path=/; domain=belstaff.co.uk, __cq_uuid=2ef9ee20-f416-11e9-9f08-ab2ced86a478; expires=Thu, 19 Nov 2020 03:19:42 GMT; path=/; domain=belstaff.co.uk, sid=5QXjYL4ADhMlr4EFiP07Fpz100aNp9HG62k; path=/; domain=www.belstaff.co.uk, __cfduid=d2728c258ebab095c71ab0ae9b3e44a2b1571671169; expires=Tue, 20 Oct 2020 04:19:31 BST; path=/; domain=belstaff.co.uk, dw=1; path=/; domain=www.belstaff.co.uk, shippingCountry=GB; path=/; domain=www.belstaff.co.uk;secure;, _hjid=c71c6ad2-a70b-4233-9167-49ee17644b6b; expires=Sun, 11 Oct 2020 04:19:33 BST; path=/; domain=belstaff.co.uk, _dc_gtm_UA-30644716-1=1; expires=Mon, 21 Oct 2019 04:20:33 BST; path=/; domain=belstaff.co.uk, _fbp=fb.2.1571671173572.392071466; expires=Sun, 19 Jan 2020 03:19:42 GMT; path=/; domain=belstaff.co.uk, _cs_c=1; expires=Fri, 20 Nov 2020 01:19:33 GMT; path=/; domain=belstaff.co.uk, firstVisitHeader=true; expires=Tue, 20 Oct 2020 04:19:32 BST; path=/; domain=www.belstaff.co.uk;secure;, _dc_gtm_UA-30644716-6=1; expires=Mon, 21 Oct 2019 04:20:33 BST; path=/; domain=belstaff.co.uk, scarab.visitor=%223AB41501C93F2DE0%22; expires=Wed, 21 Oct 2020 04:19:41 BST; path=/; domain=belstaff.co.uk, dw_dnt=0; path=/; domain=www.belstaff.co.uk, dwsid=5zSf-XN6fll6yQhi2qBhy57Er99A3aGMtA-PV_24bYt-HlB9-9vKFjvcETkqBcHZFbCYvSFElLKz1acCw2ljXg==; path=/; domain=www.belstaff.co.uk;secure;, dw_cookies_accepted=1; path=/; domain=www.belstaff.co.uk, _cs_s=2.0; expires=Mon, 21 Oct 2019 04:49:41 BST; path=/; domain=belstaff.co.uk, __cq_dnt=0; path=/; domain=www.belstaff.co.uk, dwresolutiondefined=true; path=/; domain=www.belstaff.co.uk;secure;, _gid=GA1.3.520806374.1571671173; expires=Tue, 22 Oct 2019 04:19:41 BST; path=/; domain=belstaff.co.uk, __cq_seg=0~0.00!1~0.00!2~0.00!3~0.00!4~0.00!5~0.00!6~0.00!7~0.00!8~0.00!9~0.00; expires=Wed, 20 Nov 2019 03:19:41 GMT; path=/; domain=belstaff.co.uk, stc111475=tsa:1571671173673.751343907.0685596.9455724739563343.7:20191021154941|env:1%7C20191220151933%7C20191021154941%7C2%7C1012455:20201020151941|uid:1571671173672.1437119433.8642387.111475.1145619934:20201020151941|srchist:1012455%3A1%3A20191220151933:20201020151941; expires=Tue, 20 Oct 2020 04:19:40 BST; path=/; domain=belstaff.co.uk, cqcid=ce3icicaT85jOBzRbfRVow3xXX; path=/; domain=www.belstaff.co.uk, _ga=GA1.3.729785577.1571671173; expires=Wed, 20 Oct 2021 04:19:41 BST; path=/; domain=belstaff.co.uk, firstVisitPopup=%7B%22visitsCount%22%3A2%7D; expires=Tue, 20 Oct 2020 04:19:42 BST; path=/; domain=www.belstaff.co.uk;secure;, _gcl_au=1.1.545154045.1571671173; expires=Sun, 19 Jan 2020 03:19:32 GMT; path=/; domain=belstaff.co.uk]
[_gat_globalTracker=1; expires=Mon, 21 Oct 2019 04:20:41 BST; path=/; domain=belstaff.co.uk, _hjIncludedInSample=1; path=/; domain=www.belstaff.co.uk, _gat_siteTracker=1; expires=Mon, 21 Oct 2019 04:20:41 BST; path=/; domain=belstaff.co.uk, dwac_7f9929e27d4b29fd27c4c90afd=5QXjYL4ADhMlr4EFiP07Fpz100aNp9HG62k%3D|dw-only|||GBP|false|Europe%2FLondon|true; path=/; domain=www.belstaff.co.uk, dwanonymous_c5b5603e676a0760a2f3d41427f9f8da=ce3icicaT85jOBzRbfRVow3xXX; expires=Sat, 18 Apr 2020 04:19:31 BST; path=/; domain=www.belstaff.co.uk, _cs_id=d574724b-1092-afe3-fe85-155b2cb0a41d.1571671173.1.1571671183.1571671173.1.1605835173537; expires=Fri, 20 Nov 2020 01:19:33 GMT; path=/; domain=belstaff.co.uk, __cq_uuid=2ef9ee20-f416-11e9-9f08-ab2ced86a478; expires=Thu, 19 Nov 2020 03:19:44 GMT; path=/; domain=belstaff.co.uk, sid=5QXjYL4ADhMlr4EFiP07Fpz100aNp9HG62k; path=/; domain=www.belstaff.co.uk, __cfduid=d2728c258ebab095c71ab0ae9b3e44a2b1571671169; expires=Tue, 20 Oct 2020 04:19:31 BST; path=/; domain=belstaff.co.uk, dw=1; path=/; domain=www.belstaff.co.uk, shippingCountry=GB; path=/; domain=www.belstaff.co.uk;secure;, _hjid=c71c6ad2-a70b-4233-9167-49ee17644b6b; expires=Sun, 11 Oct 2020 04:19:33 BST; path=/; domain=belstaff.co.uk, _dc_gtm_UA-30644716-1=1; expires=Mon, 21 Oct 2019 04:20:33 BST; path=/; domain=belstaff.co.uk, _fbp=fb.2.1571671173572.392071466; expires=Sun, 19 Jan 2020 03:19:44 GMT; path=/; domain=belstaff.co.uk, _cs_c=1; expires=Fri, 20 Nov 2020 01:19:33 GMT; path=/; domain=belstaff.co.uk, firstVisitHeader=true; expires=Tue, 20 Oct 2020 04:19:32 BST; path=/; domain=www.belstaff.co.uk;secure;, _dc_gtm_UA-30644716-6=1; expires=Mon, 21 Oct 2019 04:20:33 BST; path=/; domain=belstaff.co.uk, scarab.visitor=%223AB41501C93F2DE0%22; expires=Wed, 21 Oct 2020 04:19:44 BST; path=/; domain=belstaff.co.uk, dw_dnt=0; path=/; domain=www.belstaff.co.uk, scarab.profile=%22B000138623%7C1571671182%22; expires=Wed, 21 Oct 2020 04:19:44 BST; path=/; domain=belstaff.co.uk, dwsid=5zSf-XN6fll6yQhi2qBhy57Er99A3aGMtA-PV_24bYt-HlB9-9vKFjvcETkqBcHZFbCYvSFElLKz1acCw2ljXg==; path=/; domain=www.belstaff.co.uk;secure;, __cq_bc=%7B%22aawe-bffgb%22%3A%5B%7B%22id%22%3A%2275600019L81N0713%22%2C%22type%22%3A%22vgroup%22%2C%22alt_id%22%3A%22B000138623%22%7D%5D%7D; expires=Wed, 20 Nov 2019 03:19:44 GMT; path=/; domain=belstaff.co.uk, dw_cookies_accepted=1; path=/; domain=www.belstaff.co.uk, _cs_s=3.0; expires=Mon, 21 Oct 2019 04:49:43 BST; path=/; domain=belstaff.co.uk, __cq_dnt=0; path=/; domain=www.belstaff.co.uk, dwresolutiondefined=true; path=/; domain=www.belstaff.co.uk;secure;, _gid=GA1.3.520806374.1571671173; expires=Tue, 22 Oct 2019 04:19:43 BST; path=/; domain=belstaff.co.uk, __cq_seg=0~0.00!1~0.00!2~0.00!3~0.00!4~0.00!5~0.00!6~0.00!7~0.00!8~0.00!9~0.00; expires=Wed, 20 Nov 2019 03:19:44 GMT; path=/; domain=belstaff.co.uk, scarab.mayAdd=%5B%7B%22i%22%3A%22B000138623%22%7D%5D; path=/; domain=belstaff.co.uk, _gat_UA-30644716-6=1; expires=Mon, 21 Oct 2019 04:20:42 BST; path=/; domain=belstaff.co.uk, stc111475=tsa:1571671173673.751343907.0685596.9455724739563343.7:20191021154943|env:1%7C20191220151933%7C20191021154943%7C3%7C1012455:20201020151943|uid:1571671173672.1437119433.8642387.111475.1145619934:20201020151943|srchist:1012455%3A1%3A20191220151933:20201020151943; expires=Tue, 20 Oct 2020 04:19:43 BST; path=/; domain=belstaff.co.uk, cqcid=ce3icicaT85jOBzRbfRVow3xXX; path=/; domain=www.belstaff.co.uk, _ga=GA1.3.729785577.1571671173; expires=Wed, 20 Oct 2021 04:19:43 BST; path=/; domain=belstaff.co.uk, firstVisitPopup=%7B%22visitsCount%22%3A1%7D; expires=Tue, 20 Oct 2020 04:19:44 BST; path=/; domain=www.belstaff.co.uk;secure;, _gcl_au=1.1.545154045.1571671173; expires=Sun, 19 Jan 2020 03:19:32 GMT; path=/; domain=belstaff.co.uk]
]]></system-out>
    <system-err><![CDATA[Starting ChromeDriver 76.0.3809.68 (420c9498db8ce8fcd190a954d51297672c1515d5-refs/branch-heads/3809@{#864}) on port 2903
Only local connections are allowed.
Please protect ports used by ChromeDriver and related test frameworks to prevent access by malicious code.
[1571671163.484][WARNING]: This version of ChromeDriver has not been tested with Chrome version 77.
[1571671165.489][WARNING]: Timed out connecting to Chrome, retrying...
Oct 21, 2019 4:19:27 PM org.openqa.selenium.remote.ProtocolHandshake createSession
INFO: Detected dialect: W3C
[1571671176.331][WARNING]: Timed out connecting to Chrome, retrying...
]]></system-err>
  </testcase>
  <testcase name="pricematchingvalidation" classname="BELSTAFF.checkoutpage" time="20.059">
    <failure message="no such element: Unable to locate element: {&quot;method&quot;:&quot;xpath&quot;,&quot;selector&quot;:&quot;//span[@class=&apos;value mini-cart-price price-adjusted product-sales-price text-uppercase&apos;]  &quot;}&#10;  (Session info: headless chrome=77.0.3865.120)&#10;For documentation on this error, please visit: https://www.seleniumhq.org/exceptions/no_such_element.html&#10;Build info: version: &apos;3.141.59&apos;, revision: &apos;e82be7d358&apos;, time: &apos;2018-11-14T08:17:03&apos;&#10;System info: host: &apos;KRISH-SURFACE&apos;, ip: &apos;192.168.0.18&apos;, os.name: &apos;Windows 10&apos;, os.arch: &apos;amd64&apos;, os.version: &apos;10.0&apos;, java.version: &apos;1.8.0_151&apos;&#10;Driver info: org.openqa.selenium.chrome.ChromeDriver&#10;Capabilities {acceptInsecureCerts: false, browserName: chrome, browserVersion: 77.0.3865.120, chrome: {chromedriverVersion: 76.0.3809.68 (420c9498db8ce..., userDataDir: C:\Users\anjal\AppData\Loca...}, goog:chromeOptions: {debuggerAddress: localhost:50246}, javascriptEnabled: true, networkConnectionEnabled: false, pageLoadStrategy: normal, platform: XP, platformName: XP, proxy: Proxy(), setWindowRect: true, strictFileInteractability: false, timeouts: {implicit: 0, pageLoad: 300000, script: 30000}, unhandledPromptBehavior: dismiss and notify}&#10;Session ID: 1d1403e06ba71b53069a8a3b18843b92&#10;*** Element info: {Using=xpath, value=//span[@class=&apos;value mini-cart-price price-adjusted product-sales-price text-uppercase&apos;]  }" type="org.openqa.selenium.NoSuchElementException">org.openqa.selenium.NoSuchElementException: 
no such element: Unable to locate element: {"method":"xpath","selector":"//span[@class='value mini-cart-price price-adjusted product-sales-price text-uppercase']  "}
  (Session info: headless chrome=77.0.3865.120)
For documentation on this error, please visit: https://www.seleniumhq.org/exceptions/no_such_element.html
Build info: version: '3.141.59', revision: 'e82be7d358', time: '2018-11-14T08:17:03'
System info: host: 'KRISH-SURFACE', ip: '192.168.0.18', os.name: 'Windows 10', os.arch: 'amd64', os.version: '10.0', java.version: '1.8.0_151'
Driver info: org.openqa.selenium.chrome.ChromeDriver
Capabilities {acceptInsecureCerts: false, browserName: chrome, browserVersion: 77.0.3865.120, chrome: {chromedriverVersion: 76.0.3809.68 (420c9498db8ce..., userDataDir: C:\Users\anjal\AppData\Loca...}, goog:chromeOptions: {debuggerAddress: localhost:50246}, javascriptEnabled: true, networkConnectionEnabled: false, pageLoadStrategy: normal, platform: XP, platformName: XP, proxy: Proxy(), setWindowRect: true, strictFileInteractability: false, timeouts: {implicit: 0, pageLoad: 300000, script: 30000}, unhandledPromptBehavior: dismiss and notify}
Session ID: 1d1403e06ba71b53069a8a3b18843b92
*** Element info: {Using=xpath, value=//span[@class='value mini-cart-price price-adjusted product-sales-price text-uppercase']  }
	at BELSTAFF.checkoutpage.pricematchingvalidation(checkoutpage.java:55)
</failure>
  </testcase>
</testsuite>